2011-03-07 17:47:58.831:INFO::jetty-7.2.2.v20101205
2011-03-07 17:47:58.846:INFO::Deployment monitor /home/heow/prj-personal/lispnyc-jetty/webapps at interval 1
2011-03-07 17:47:58.848:INFO::Deployable added: /home/heow/prj-personal/lispnyc-jetty/webapps/blog
2011-03-07 17:48:00.569:INFO:blog:Loading Spring root WebApplicationContext
2011-03-07 17:48:01,175 [main] WARN  org.acegisecurity.intercept.AbstractSecurityInterceptor  - Could not validate configuration attributes as the MethodDefinitionSource did not return a ConfigAttributeDefinition Iterator
2011-03-07 17:48:01,198 [main] INFO  net.sourceforge.pebble.web.listener.PebbleContextListener  - Starting Pebble
2011-03-07 17:48:01,274 [main] INFO  net.sourceforge.pebble.index.StaticPageIndex  - Reading index from disk
2011-03-07 17:48:01,290 [main] WARN  net.sourceforge.pebble.domain.AbstractBlog  - Error while starting e-mail subscription listener - add mail.jar and activation.jar to the server classpath if you want to enable this listener.
2011-03-07 17:48:01,291 [main] WARN  net.sourceforge.pebble.domain.Blog  - Error while starting e-mail subscription listener - add mail.jar and activation.jar to the server classpath if you want to enable this listener.
2011-03-07 17:48:01,343 [main] INFO  net.sourceforge.pebble.domain.Blog  - Started blog with ID heow
2011-03-07 17:48:01,370 [main] INFO  net.sourceforge.pebble.index.StaticPageIndex  - Reading index from disk
2011-03-07 17:48:01,372 [main] WARN  net.sourceforge.pebble.domain.AbstractBlog  - Error while starting e-mail subscription listener - add mail.jar and activation.jar to the server classpath if you want to enable this listener.
2011-03-07 17:48:01,372 [main] WARN  net.sourceforge.pebble.domain.Blog  - Error while starting e-mail subscription listener - add mail.jar and activation.jar to the server classpath if you want to enable this listener.
2011-03-07 17:48:01,379 [main] INFO  net.sourceforge.pebble.domain.Blog  - Started blog with ID mjp
2011-03-07 17:48:01,397 [main] INFO  net.sourceforge.pebble.index.StaticPageIndex  - Reading index from disk
2011-03-07 17:48:01,398 [main] WARN  net.sourceforge.pebble.domain.AbstractBlog  - Error while starting e-mail subscription listener - add mail.jar and activation.jar to the server classpath if you want to enable this listener.
2011-03-07 17:48:01,398 [main] WARN  net.sourceforge.pebble.domain.Blog  - Error while starting e-mail subscription listener - add mail.jar and activation.jar to the server classpath if you want to enable this listener.
2011-03-07 17:48:01,402 [main] INFO  net.sourceforge.pebble.domain.Blog  - Started blog with ID lisppets
2011-03-07 17:48:01,420 [main] INFO  net.sourceforge.pebble.index.StaticPageIndex  - Reading index from disk
2011-03-07 17:48:01,422 [main] WARN  net.sourceforge.pebble.domain.AbstractBlog  - Error while starting e-mail subscription listener - add mail.jar and activation.jar to the server classpath if you want to enable this listener.
2011-03-07 17:48:01,422 [main] WARN  net.sourceforge.pebble.domain.Blog  - Error while starting e-mail subscription listener - add mail.jar and activation.jar to the server classpath if you want to enable this listener.
2011-03-07 17:48:01,428 [main] INFO  net.sourceforge.pebble.domain.Blog  - Started blog with ID ericlavigne
2011-03-07 17:48:01,451 [main] INFO  net.sourceforge.pebble.index.StaticPageIndex  - Reading index from disk
2011-03-07 17:48:01,452 [main] WARN  net.sourceforge.pebble.domain.AbstractBlog  - Error while starting e-mail subscription listener - add mail.jar and activation.jar to the server classpath if you want to enable this listener.
2011-03-07 17:48:01,452 [main] WARN  net.sourceforge.pebble.domain.Blog  - Error while starting e-mail subscription listener - add mail.jar and activation.jar to the server classpath if you want to enable this listener.
2011-03-07 17:48:01,458 [main] INFO  net.sourceforge.pebble.domain.Blog  - Started blog with ID acheron
2011-03-07 17:48:01,473 [main] INFO  net.sourceforge.pebble.index.StaticPageIndex  - Reading index from disk
2011-03-07 17:48:01,475 [main] WARN  net.sourceforge.pebble.domain.AbstractBlog  - Error while starting e-mail subscription listener - add mail.jar and activation.jar to the server classpath if you want to enable this listener.
2011-03-07 17:48:01,475 [main] WARN  net.sourceforge.pebble.domain.Blog  - Error while starting e-mail subscription listener - add mail.jar and activation.jar to the server classpath if you want to enable this listener.
2011-03-07 17:48:01,479 [main] INFO  net.sourceforge.pebble.domain.Blog  - Started blog with ID arthur
2011-03-07 17:48:01,497 [main] INFO  net.sourceforge.pebble.index.StaticPageIndex  - Reading index from disk
2011-03-07 17:48:01,498 [main] WARN  net.sourceforge.pebble.domain.AbstractBlog  - Error while starting e-mail subscription listener - add mail.jar and activation.jar to the server classpath if you want to enable this listener.
2011-03-07 17:48:01,498 [main] WARN  net.sourceforge.pebble.domain.Blog  - Error while starting e-mail subscription listener - add mail.jar and activation.jar to the server classpath if you want to enable this listener.
2011-03-07 17:48:01,503 [main] INFO  net.sourceforge.pebble.domain.Blog  - Started blog with ID brian
2011-03-07 17:48:01,520 [main] INFO  net.sourceforge.pebble.index.StaticPageIndex  - Reading index from disk
2011-03-07 17:48:01,522 [main] WARN  net.sourceforge.pebble.domain.AbstractBlog  - Error while starting e-mail subscription listener - add mail.jar and activation.jar to the server classpath if you want to enable this listener.
2011-03-07 17:48:01,522 [main] WARN  net.sourceforge.pebble.domain.Blog  - Error while starting e-mail subscription listener - add mail.jar and activation.jar to the server classpath if you want to enable this listener.
2011-03-07 17:48:01,529 [main] INFO  net.sourceforge.pebble.domain.Blog  - Started blog with ID cfield
2011-03-07 17:48:01,552 [main] INFO  net.sourceforge.pebble.index.StaticPageIndex  - Reading index from disk
2011-03-07 17:48:01,553 [main] WARN  net.sourceforge.pebble.domain.AbstractBlog  - Error while starting e-mail subscription listener - add mail.jar and activation.jar to the server classpath if you want to enable this listener.
2011-03-07 17:48:01,553 [main] WARN  net.sourceforge.pebble.domain.Blog  - Error while starting e-mail subscription listener - add mail.jar and activation.jar to the server classpath if you want to enable this listener.
2011-03-07 17:48:01,558 [main] INFO  net.sourceforge.pebble.domain.Blog  - Started blog with ID rahul
2011-03-07 17:48:01,571 [main] INFO  net.sourceforge.pebble.index.StaticPageIndex  - Reading index from disk
2011-03-07 17:48:01,572 [main] WARN  net.sourceforge.pebble.domain.AbstractBlog  - Error while starting e-mail subscription listener - add mail.jar and activation.jar to the server classpath if you want to enable this listener.
2011-03-07 17:48:01,572 [main] WARN  net.sourceforge.pebble.domain.Blog  - Error while starting e-mail subscription listener - add mail.jar and activation.jar to the server classpath if you want to enable this listener.
2011-03-07 17:48:01,576 [main] INFO  net.sourceforge.pebble.domain.Blog  - Started blog with ID default
2011-03-07 17:48:01,589 [main] INFO  net.sourceforge.pebble.index.StaticPageIndex  - Reading index from disk
2011-03-07 17:48:01,590 [main] WARN  net.sourceforge.pebble.domain.AbstractBlog  - Error while starting e-mail subscription listener - add mail.jar and activation.jar to the server classpath if you want to enable this listener.
2011-03-07 17:48:01,590 [main] WARN  net.sourceforge.pebble.domain.Blog  - Error while starting e-mail subscription listener - add mail.jar and activation.jar to the server classpath if you want to enable this listener.
2011-03-07 17:48:01,594 [main] INFO  net.sourceforge.pebble.domain.Blog  - Started blog with ID euske
2011-03-07 17:48:01,606 [main] INFO  net.sourceforge.pebble.index.StaticPageIndex  - Reading index from disk
2011-03-07 17:48:01,607 [main] WARN  net.sourceforge.pebble.domain.AbstractBlog  - Error while starting e-mail subscription listener - add mail.jar and activation.jar to the server classpath if you want to enable this listener.
2011-03-07 17:48:01,607 [main] WARN  net.sourceforge.pebble.domain.Blog  - Error while starting e-mail subscription listener - add mail.jar and activation.jar to the server classpath if you want to enable this listener.
2011-03-07 17:48:01,611 [main] INFO  net.sourceforge.pebble.domain.Blog  - Started blog with ID marc
2011-03-07 17:48:01,627 [main] INFO  net.sourceforge.pebble.index.StaticPageIndex  - Reading index from disk
2011-03-07 17:48:01,628 [main] WARN  net.sourceforge.pebble.domain.AbstractBlog  - Error while starting e-mail subscription listener - add mail.jar and activation.jar to the server classpath if you want to enable this listener.
2011-03-07 17:48:01,628 [main] WARN  net.sourceforge.pebble.domain.Blog  - Error while starting e-mail subscription listener - add mail.jar and activation.jar to the server classpath if you want to enable this listener.
2011-03-07 17:48:01,634 [main] INFO  net.sourceforge.pebble.domain.Blog  - Started blog with ID neo4reo
2011-03-07 17:48:01,764 [main] INFO  net.sourceforge.pebble.web.listener.PebbleContextListener  - Pebble started in 566ms
2011-03-07 17:48:01,764 [main] INFO  net.sourceforge.pebble.aggregator.NewsFeedContextListener  - Starting newsfeed updater
2011-03-07 17:48:01.996:INFO::Deployment monitor /home/heow/prj-personal/lispnyc-jetty/contexts at interval 1
2011-03-07 17:48:01.998:INFO::Deployable added: /home/heow/prj-personal/lispnyc-jetty/contexts/home.xml
2011-03-07 17:48:02.595:INFO::Deployable added: /home/heow/prj-personal/lispnyc-jetty/contexts/move-meetings.xml
2011-03-07 17:48:02.616:INFO::Deployable added: /home/heow/prj-personal/lispnyc-jetty/contexts/move-contact.xml
2011-03-07 17:48:02.633:INFO::Deployable added: /home/heow/prj-personal/lispnyc-jetty/contexts/static.xml
2011-03-07 17:48:02.653:INFO::Deployable added: /home/heow/prj-personal/lispnyc-jetty/contexts/move-shop.xml
2011-03-07 17:48:02.664:INFO::Deployable added: /home/heow/prj-personal/lispnyc-jetty/contexts/move-home.xml
2011-03-07 17:48:02.677:INFO::Deployable added: /home/heow/prj-personal/lispnyc-jetty/contexts/move-index.xml
2011-03-07 17:48:02.709:INFO::Started SelectChannelConnector@0.0.0.0:8000
2011-03-07 17:48:26,854 [qtp1888765668-22] INFO  net.sourceforge.pebble.web.filter.BlogLookupFilter  - Setting Pebble URL to http://localhost:8000/blog
2011-03-07 17:48:35,920 [qtp1888765668-18] WARN  org.acegisecurity.event.authentication.LoggerListener  - Authentication event AuthenticationSuccessEvent: neo4reo; details: org.acegisecurity.ui.WebAuthenticationDetails@0: RemoteIpAddress: 0:0:0:0:0:0:0:1; SessionId: lp6mey6znwpi1q862n9faaea8
2011-03-07 17:48:35,925 [qtp1888765668-18] WARN  org.acegisecurity.event.authentication.LoggerListener  - Authentication event InteractiveAuthenticationSuccessEvent: neo4reo; details: org.acegisecurity.ui.WebAuthenticationDetails@0: RemoteIpAddress: 0:0:0:0:0:0:0:1; SessionId: lp6mey6znwpi1q862n9faaea8
2011-03-07 17:48:55,855 [qtp1888765668-20] WARN  org.acegisecurity.event.authentication.LoggerListener  - Authentication event AuthenticationSuccessEvent: heow; details: org.acegisecurity.ui.WebAuthenticationDetails@2cd90: RemoteIpAddress: 0:0:0:0:0:0:0:1; SessionId: x9gsjx85gdepnjo0do0xpdrw
2011-03-07 17:48:55,855 [qtp1888765668-20] WARN  org.acegisecurity.event.authentication.LoggerListener  - Authentication event InteractiveAuthenticationSuccessEvent: heow; details: org.acegisecurity.ui.WebAuthenticationDetails@2cd90: RemoteIpAddress: 0:0:0:0:0:0:0:1; SessionId: x9gsjx85gdepnjo0do0xpdrw
2011-03-07 17:49:32,453 [qtp1888765668-18] INFO  net.sourceforge.pebble.domain.AbstractBlog  - [heow] Blog properties saved.
uri: /soc/faq
uri: /contact
uri: /blog-signup
uri: /soc
uri: /soc/2006
uri: /contact-thanks
uri: /soc/2008
uri: /meeting/rsvp
uri: /meeting/rsvp-thanks
uri: /shop
uri: /soc/thanks
uri: /soc/idea
uri: /soc/2005
uri: /soc/proposal
uri: /blog-thanks
uri: /about
uri: /soc/student-responsibilities
uri: /meetings
uri: /soc/2009
uri: /soc/2007
Mar 7, 2011 5:49:44 PM net.sourceforge.pebble.index.StaticPageIndex readIndex
INFO: Reading index from disk
Mar 7, 2011 5:49:45 PM net.sourceforge.pebble.index.StaticPageIndex readIndex
INFO: Reading index from disk
Mar 7, 2011 5:49:45 PM net.sourceforge.pebble.index.StaticPageIndex readIndex
INFO: Reading index from disk
Mar 7, 2011 5:49:45 PM net.sourceforge.pebble.index.StaticPageIndex readIndex
INFO: Reading index from disk
Mar 7, 2011 5:49:45 PM net.sourceforge.pebble.index.StaticPageIndex readIndex
INFO: Reading index from disk
Mar 7, 2011 5:49:45 PM net.sourceforge.pebble.index.StaticPageIndex readIndex
INFO: Reading index from disk
Mar 7, 2011 5:49:45 PM net.sourceforge.pebble.index.StaticPageIndex readIndex
INFO: Reading index from disk
Mar 7, 2011 5:49:45 PM net.sourceforge.pebble.index.StaticPageIndex readIndex
INFO: Reading index from disk
Mar 7, 2011 5:49:46 PM net.sourceforge.pebble.index.StaticPageIndex readIndex
INFO: Reading index from disk
Mar 7, 2011 5:49:46 PM net.sourceforge.pebble.index.StaticPageIndex readIndex
INFO: Reading index from disk
Mar 7, 2011 5:49:46 PM net.sourceforge.pebble.index.StaticPageIndex readIndex
INFO: Reading index from disk
Mar 7, 2011 5:49:46 PM net.sourceforge.pebble.index.StaticPageIndex readIndex
INFO: Reading index from disk
Mar 7, 2011 5:49:46 PM net.sourceforge.pebble.index.StaticPageIndex readIndex
INFO: Reading index from disk
Mar 7, 2011 5:49:46 PM net.sourceforge.pebble.index.StaticPageIndex readIndex
INFO: Reading index from disk
2011-03-07 17:49:55.323:INFO::Graceful shutdown SelectChannelConnector@0.0.0.0:8000
2011-03-07 17:49:55.337:INFO::Graceful shutdown o.e.j.w.WebAppContext{/blog,file:/home/heow/prj-personal/lispnyc-jetty/webapps/blog/},/home/heow/prj-personal/lispnyc-jetty/webapps/blog
2011-03-07 17:49:55.337:INFO::Graceful shutdown o.e.j.w.WebAppContext{/,file:/home/heow/prj-personal/lispnyc-jetty/webapps/home/},/home/heow/prj-personal/lispnyc-jetty/webapps/home
2011-03-07 17:49:55.337:INFO::Graceful shutdown o.e.j.s.h.MovedContextHandler{/wiki.clp,null}
2011-03-07 17:49:55.337:INFO::Graceful shutdown o.e.j.s.h.MovedContextHandler{/contact.clp,null}
2011-03-07 17:49:55.337:INFO::Graceful shutdown o.e.j.s.h.ContextHandler{/static,file:/home/heow/prj-personal/lispnyc-jetty/homebase-static/}
2011-03-07 17:49:55.337:INFO::Graceful shutdown o.e.j.s.h.MovedContextHandler{/shop.clp,null}
2011-03-07 17:49:55.337:INFO::Graceful shutdown o.e.j.s.h.MovedContextHandler{/home.clp,null}
2011-03-07 17:49:55.338:INFO::Graceful shutdown o.e.j.s.h.MovedContextHandler{/index.html,null}
2011-03-07 17:49:56,343 [Thread-2] INFO  net.sourceforge.pebble.aggregator.NewsFeedContextListener  - Stopping newsfeed updater
2011-03-07 17:49:56,343 [Thread-2] INFO  net.sourceforge.pebble.web.listener.PebbleContextListener  - Stopping Pebble
2011-03-07 17:49:56,351 [Thread-2] INFO  net.sourceforge.pebble.domain.Blog  - Stopped blog with ID marc
2011-03-07 17:49:56,356 [Thread-2] INFO  net.sourceforge.pebble.domain.Blog  - Stopped blog with ID mjp
2011-03-07 17:49:56,360 [Thread-2] INFO  net.sourceforge.pebble.domain.Blog  - Stopped blog with ID acheron
2011-03-07 17:49:56,363 [Thread-2] INFO  net.sourceforge.pebble.domain.Blog  - Stopped blog with ID cfield
2011-03-07 17:49:56,366 [Thread-2] INFO  net.sourceforge.pebble.domain.Blog  - Stopped blog with ID brian
2011-03-07 17:49:56,369 [Thread-2] INFO  net.sourceforge.pebble.domain.Blog  - Stopped blog with ID rahul
2011-03-07 17:49:56,372 [Thread-2] INFO  net.sourceforge.pebble.domain.Blog  - Stopped blog with ID neo4reo
2011-03-07 17:49:56,374 [Thread-2] INFO  net.sourceforge.pebble.domain.Blog  - Stopped blog with ID lisppets
2011-03-07 17:49:56,377 [Thread-2] INFO  net.sourceforge.pebble.domain.Blog  - Stopped blog with ID default
2011-03-07 17:49:56,380 [Thread-2] INFO  net.sourceforge.pebble.domain.Blog  - Stopped blog with ID ericlavigne
2011-03-07 17:49:56,383 [Thread-2] INFO  net.sourceforge.pebble.domain.Blog  - Stopped blog with ID euske
2011-03-07 17:49:56,386 [Thread-2] INFO  net.sourceforge.pebble.domain.Blog  - Stopped blog with ID heow
2011-03-07 17:49:56,389 [Thread-2] INFO  net.sourceforge.pebble.domain.Blog  - Stopped blog with ID arthur
2011-03-07 17:49:56,389 [Thread-2] INFO  net.sourceforge.pebble.web.listener.PebbleContextListener  - Pebble stopped
2011-03-07 17:49:56.389:INFO:blog:Closing Spring root WebApplicationContext
